2019-03-18 17:52:26|DEBUG|succeed to upload file to PhalApi\UCloud\Engine\Local|http://localhost/phalapi/public/upload/demo/2019/03/18/286090.png
2019-03-18 17:54:11|DEBUG|succeed to upload file to PhalApi\UCloud\Engine\Local|http://localhost/phalapi/public/upload/demo/2019/03/18/835212.png
2019-03-18 18:01:34|DEBUG|succeed to upload file to PhalApi\UCloud\Engine\Local|http://localhost/phalapi/public/upload/demo/2019/03/18/981746.png
2019-03-18 18:04:11|DEBUG|succeed to upload file to PhalApi\UCloud\Engine\Local|http://localhost/phalapi/public/upload/demo/2019/03/18/677711.png
2019-03-18 18:06:32|DEBUG|succeed to upload file to PhalApi\UCloud\Engine\Local|http://localhost/phalapi/public/upload/demo/2019/03/18/705239.png
2019-03-18 18:06:41|DEBUG|succeed to upload file to PhalApi\UCloud\Engine\Local|http://localhost/phalapi/public/upload/demo/2019/03/18/849619.png
2019-03-18 18:06:51|DEBUG|succeed to upload file to PhalApi\UCloud\Engine\Local|http://localhost/phalapi/public/upload/demo/2019/03/18/1260127.png
2019-03-18 18:08:15|DEBUG|succeed to upload file to PhalApi\UCloud\Engine\Local|http://localhost/phalapi/public/upload/demo/2019/03/18/810342.png
2019-03-18 18:08:20|DEBUG|succeed to upload file to PhalApi\UCloud\Engine\Local|http://localhost/phalapi/public/upload/demo/2019/03/18/1152159.png
2019-03-18 18:08:56|DEBUG|succeed to upload file to PhalApi\UCloud\Engine\Local|http://localhost/phalapi/public/upload/demo/2019/03/18/792423.png
2019-03-18 18:09:34|DEBUG|succeed to upload file to PhalApi\UCloud\Engine\Local|http://localhost/phalapi/public/upload/demo/2019/03/18/277021.png
2019-03-18 18:09:43|DEBUG|succeed to upload file to PhalApi\UCloud\Engine\Local|http://localhost/phalapi/public/upload/demo/2019/03/18/485188.png
2019-03-18 18:11:02|DEBUG|succeed to upload file to PhalApi\UCloud\Engine\Local|http://localhost/phalapi/public/upload/demo/2019/03/18/1134290.png
2019-03-18 18:11:22|DEBUG|succeed to upload file to PhalApi\UCloud\Engine\Local|http://localhost/phalapi/public/upload/demo/2019/03/18/409858.png
2019-03-18 18:12:02|DEBUG|succeed to upload file to PhalApi\UCloud\Engine\Local|http://localhost/phalapi/public/upload/demo/2019/03/18/944217.png
2019-03-18 18:12:07|DEBUG|succeed to upload file to PhalApi\UCloud\Engine\Local|http://localhost/phalapi/public/upload/demo/2019/03/18/734360.png
2019-03-18 18:12:23|DEBUG|succeed to upload file to PhalApi\UCloud\Engine\Local|http://localhost/phalapi/public/upload/demo/2019/03/18/547717.png
2019-03-18 18:12:43|DEBUG|succeed to upload file to PhalApi\UCloud\Engine\Local|http://localhost/phalapi/public/upload/demo/2019/03/18/446416.png
2019-03-18 18:23:34|DEBUG|succeed to upload file to PhalApi\UCloud\Engine\Local|http://localhost/phalapi/public/upload/demo/2019/03/18/861103.png
2019-03-18 18:27:04|DEBUG|succeed to upload file to PhalApi\UCloud\Engine\Local|http://localhost/phalapi/public/upload/demo/2019/03/18/800180.png
2019-03-18 18:27:34|DEBUG|succeed to upload file to PhalApi\UCloud\Engine\Local|http://localhost/phalapi/public/upload/demo/2019/03/18/752473.jpg
2019-03-18 18:29:38|DEBUG|succeed to upload file to PhalApi\UCloud\Engine\Local|http://localhost/phalapi/public/upload/demo/2019/03/18/363562.jpg
2019-03-18 18:32:09|DEBUG|succeed to upload file to PhalApi\UCloud\Engine\Local|http://localhost/phalapi/public/upload/demo/2019/03/18/1217415.jpg
2019-03-18 18:34:42|DEBUG|succeed to upload file to PhalApi\UCloud\Engine\Local|http://localhost/phalapi/public/upload/demo/2019/03/18/383161.jpg
2019-03-18 18:39:16|DEBUG|succeed to upload file to PhalApi\UCloud\Engine\Local|http://localhost/phalapi/public/upload/demo/2019/03/18/507901.jpg
2019-03-18 18:41:53|DEBUG|succeed to upload file to PhalApi\UCloud\Engine\Local|http://localhost/phalapi/public/upload/demo/2019/03/18/460992.jpg
2019-03-18 18:43:28|DEBUG|succeed to upload file to PhalApi\UCloud\Engine\Local|http://localhost/phalapi/public/upload/demo/2019/03/18/899754.jpg
2019-03-18 18:43:36|DEBUG|succeed to upload file to PhalApi\UCloud\Engine\Local|http://localhost/phalapi/public/upload/demo/2019/03/18/737576.jpg
2019-03-18 18:48:44|DEBUG|succeed to upload file to PhalApi\UCloud\Engine\Local|http://localhost/phalapi/public/upload/demo/2019/03/18/626933.jpg
2019-03-18 18:49:08|DEBUG|succeed to upload file to PhalApi\UCloud\Engine\Local|http://localhost/phalapi/public/upload/demo/2019/03/18/1134669.jpg
2019-03-18 18:50:24|DEBUG|succeed to upload file to PhalApi\UCloud\Engine\Local|http://localhost/phalapi/public/upload/demo/2019/03/18/711923.jpg
2019-03-18 18:50:31|DEBUG|succeed to upload file to PhalApi\UCloud\Engine\Local|http://localhost/phalapi/public/upload/demo/2019/03/18/216150.jpg
2019-03-18 18:50:47|DEBUG|succeed to upload file to PhalApi\UCloud\Engine\Local|http://localhost/phalapi/public/upload/demo/2019/03/18/473200.jpg
2019-03-18 18:51:22|DEBUG|succeed to upload file to PhalApi\UCloud\Engine\Local|http://localhost/phalapi/public/upload/demo/2019/03/18/1029297.png
2019-03-18 18:51:46|DEBUG|succeed to upload file to PhalApi\UCloud\Engine\Local|http://localhost/phalapi/public/upload/demo/2019/03/18/1002290.jpg
2019-03-18 18:52:40|DEBUG|succeed to upload file to PhalApi\UCloud\Engine\Local|http://localhost/phalapi/public/upload/demo/2019/03/18/1153968.jpg
2019-03-18 18:53:00|DEBUG|succeed to upload file to PhalApi\UCloud\Engine\Local|http://localhost/phalapi/public/upload/demo/2019/03/18/805546.png
2019-03-18 18:53:07|DEBUG|succeed to upload file to PhalApi\UCloud\Engine\Local|http://localhost/phalapi/public/upload/demo/2019/03/18/1268044.png
2019-03-18 18:53:46|DEBUG|succeed to upload file to PhalApi\UCloud\Engine\Local|http://localhost/phalapi/public/upload/demo/2019/03/18/798209.png
2019-03-18 18:54:11|DEBUG|succeed to upload file to PhalApi\UCloud\Engine\Local|http://localhost/phalapi/public/upload/demo/2019/03/18/1115524.jpg
2019-03-18 18:54:42|DEBUG|succeed to upload file to PhalApi\UCloud\Engine\Local|http://localhost/phalapi/public/upload/demo/2019/03/18/1266615.jpg
2019-03-18 18:54:51|DEBUG|succeed to upload file to PhalApi\UCloud\Engine\Local|http://localhost/phalapi/public/upload/demo/2019/03/18/466016.jpg
2019-03-18 18:54:58|DEBUG|succeed to upload file to PhalApi\UCloud\Engine\Local|http://localhost/phalapi/public/upload/demo/2019/03/18/1102858.jpg
2019-03-18 18:56:00|DEBUG|succeed to upload file to PhalApi\UCloud\Engine\Local|http://localhost/phalapi/public/upload/demo/2019/03/18/449844.jpg
2019-03-18 18:56:18|DEBUG|succeed to upload file to PhalApi\UCloud\Engine\Local|http://localhost/phalapi/public/upload/demo/2019/03/18/798413.jpg
2019-03-18 18:57:54|DEBUG|succeed to upload file to PhalApi\UCloud\Engine\Local|http://localhost/phalapi/public/upload/demo/2019/03/18/289338.jpg
2019-03-18 18:59:04|DEBUG|succeed to upload file to PhalApi\UCloud\Engine\Local|http://localhost/phalapi/public/upload/demo/2019/03/18/710112.jpg
2019-03-18 18:59:12|DEBUG|succeed to upload file to PhalApi\UCloud\Engine\Local|http://localhost/phalapi/public/upload/demo/2019/03/18/1128851.jpg
2019-03-18 19:00:22|DEBUG|succeed to upload file to PhalApi\UCloud\Engine\Local|http://localhost/phalapi/public/upload/demo/2019/03/18/721589.jpg
2019-03-18 19:01:35|DEBUG|succeed to upload file to PhalApi\UCloud\Engine\Local|http://localhost/phalapi/public/upload/demo/2019/03/18/943880.jpg
2019-03-18 19:02:12|DEBUG|succeed to upload file to PhalApi\UCloud\Engine\Local|http://localhost/phalapi/public/upload/demo/2019/03/18/630717.jpg
2019-03-18 20:35:35|ERROR|App.Question.GetRecommendByQId|PDOException: You have an error in your SQL syntax; check the manual that corresponds to your MySQL server version for the right syntax to use near '* FROM question WHERE (CategoryId = '10') AND (Not Id = '1')' at line 1 in E:\phpstudy\PHPTutorial\WWW\soQ\api\vendor\phalapi\notorm\src\NotORM\Result.php:264
Stack trace:
#0 E:\phpstudy\PHPTutorial\WWW\soQ\api\vendor\phalapi\notorm\src\NotORM\Result.php(818): NotORM_Result->query('SELECT *, * FRO...', Array)
#1 E:\phpstudy\PHPTutorial\WWW\soQ\api\vendor\phalapi\notorm\src\NotORM\Result.php(903): NotORM_Result->execute()
#2 E:\phpstudy\PHPTutorial\WWW\soQ\api\src\app\Common\Match.php(135): NotORM_Result->fetchAll()
#3 E:\phpstudy\PHPTutorial\WWW\soQ\api\src\app\Domain\Question\Recommend.php(36): App\Common\Match::GetQuestionsByKeyWord(Array, '3', Object(NotORM_Result))
#4 E:\phpstudy\PHPTutorial\WWW\soQ\api\src\app\Api\Question.php(114): App\Domain\Question\Recommend->recommendByQId('1', '0', '3')
#5 [internal function]: App\Api\Question->getRecommendByQId()
#6 E:\phpstudy\PHPTutorial\WWW\soQ\api\vendor\phalapi\kernal\src\PhalApi.php(53): call_user_func(Array)
#7 E:\phpstudy\PHPTutorial\WWW\soQ\api\public\index.php(9): PhalApi\PhalApi->response()
#8 {main}
2019-03-18 20:37:45|ERROR|App.Question.GetRecommendByQId|PDOException: You have an error in your SQL syntax; check the manual that corresponds to your MySQL server version for the right syntax to use near '* FROM question WHERE (CategoryId = '10') AND (Not Id = '1')' at line 1 in E:\phpstudy\PHPTutorial\WWW\soQ\api\vendor\phalapi\notorm\src\NotORM\Result.php:264
Stack trace:
#0 E:\phpstudy\PHPTutorial\WWW\soQ\api\vendor\phalapi\notorm\src\NotORM\Result.php(818): NotORM_Result->query('SELECT *, * FRO...', Array)
#1 E:\phpstudy\PHPTutorial\WWW\soQ\api\vendor\phalapi\notorm\src\NotORM\Result.php(903): NotORM_Result->execute()
#2 E:\phpstudy\PHPTutorial\WWW\soQ\api\src\app\Common\Match.php(135): NotORM_Result->fetchAll()
#3 E:\phpstudy\PHPTutorial\WWW\soQ\api\src\app\Domain\Question\Recommend.php(36): App\Common\Match::GetQuestionsByKeyWord(Array, '3', Object(NotORM_Result))
#4 E:\phpstudy\PHPTutorial\WWW\soQ\api\src\app\Api\Question.php(114): App\Domain\Question\Recommend->recommendByQId('1', '0', '3')
#5 [internal function]: App\Api\Question->getRecommendByQId()
#6 E:\phpstudy\PHPTutorial\WWW\soQ\api\vendor\phalapi\kernal\src\PhalApi.php(53): call_user_func(Array)
#7 E:\phpstudy\PHPTutorial\WWW\soQ\api\public\index.php(9): PhalApi\PhalApi->response()
#8 {main}
2019-03-18 20:37:57|ERROR|App.Question.GetRecommendByQId|PDOException: You have an error in your SQL syntax; check the manual that corresponds to your MySQL server version for the right syntax to use near '* FROM question WHERE (CategoryId = '10') AND (Not Id = '1')' at line 1 in E:\phpstudy\PHPTutorial\WWW\soQ\api\vendor\phalapi\notorm\src\NotORM\Result.php:264
Stack trace:
#0 E:\phpstudy\PHPTutorial\WWW\soQ\api\vendor\phalapi\notorm\src\NotORM\Result.php(818): NotORM_Result->query('SELECT *, * FRO...', Array)
#1 E:\phpstudy\PHPTutorial\WWW\soQ\api\vendor\phalapi\notorm\src\NotORM\Result.php(903): NotORM_Result->execute()
#2 E:\phpstudy\PHPTutorial\WWW\soQ\api\src\app\Common\Match.php(135): NotORM_Result->fetchAll()
#3 E:\phpstudy\PHPTutorial\WWW\soQ\api\src\app\Domain\Question\Recommend.php(36): App\Common\Match::GetQuestionsByKeyWord(Array, '10', Object(NotORM_Result))
#4 E:\phpstudy\PHPTutorial\WWW\soQ\api\src\app\Api\Question.php(114): App\Domain\Question\Recommend->recommendByQId('1', '0', '10')
#5 [internal function]: App\Api\Question->getRecommendByQId()
#6 E:\phpstudy\PHPTutorial\WWW\soQ\api\vendor\phalapi\kernal\src\PhalApi.php(53): call_user_func(Array)
#7 E:\phpstudy\PHPTutorial\WWW\soQ\api\public\index.php(9): PhalApi\PhalApi->response()
#8 {main}
2019-03-18 20:39:19|ERROR|App.Question.GetRecommendByQId|PDOException: You have an error in your SQL syntax; check the manual that corresponds to your MySQL server version for the right syntax to use near '* FROM question WHERE (CategoryId = '10') AND (Not Id = '1')' at line 1 in E:\phpstudy\PHPTutorial\WWW\soQ\api\vendor\phalapi\notorm\src\NotORM\Result.php:264
Stack trace:
#0 E:\phpstudy\PHPTutorial\WWW\soQ\api\vendor\phalapi\notorm\src\NotORM\Result.php(818): NotORM_Result->query('SELECT *, * FRO...', Array)
#1 E:\phpstudy\PHPTutorial\WWW\soQ\api\vendor\phalapi\notorm\src\NotORM\Result.php(903): NotORM_Result->execute()
#2 E:\phpstudy\PHPTutorial\WWW\soQ\api\src\app\Common\Match.php(135): NotORM_Result->fetchAll()
#3 E:\phpstudy\PHPTutorial\WWW\soQ\api\src\app\Domain\Question\Recommend.php(36): App\Common\Match::GetQuestionsByKeyWord(Array, '3', Object(NotORM_Result))
#4 E:\phpstudy\PHPTutorial\WWW\soQ\api\src\app\Api\Question.php(114): App\Domain\Question\Recommend->recommendByQId('1', '0', '3')
#5 [internal function]: App\Api\Question->getRecommendByQId()
#6 E:\phpstudy\PHPTutorial\WWW\soQ\api\vendor\phalapi\kernal\src\PhalApi.php(53): call_user_func(Array)
#7 E:\phpstudy\PHPTutorial\WWW\soQ\api\public\index.php(9): PhalApi\PhalApi->response()
#8 {main}
2019-03-18 20:39:36|ERROR|App.Question.GetRecommendByQId|PDOException: You have an error in your SQL syntax; check the manual that corresponds to your MySQL server version for the right syntax to use near '* FROM question WHERE (CategoryId = '10') AND (Not Id = '1')' at line 1 in E:\phpstudy\PHPTutorial\WWW\soQ\api\vendor\phalapi\notorm\src\NotORM\Result.php:264
Stack trace:
#0 E:\phpstudy\PHPTutorial\WWW\soQ\api\vendor\phalapi\notorm\src\NotORM\Result.php(818): NotORM_Result->query('SELECT *, * FRO...', Array)
#1 E:\phpstudy\PHPTutorial\WWW\soQ\api\vendor\phalapi\notorm\src\NotORM\Result.php(903): NotORM_Result->execute()
#2 E:\phpstudy\PHPTutorial\WWW\soQ\api\src\app\Common\Match.php(135): NotORM_Result->fetchAll()
#3 E:\phpstudy\PHPTutorial\WWW\soQ\api\src\app\Domain\Question\Recommend.php(36): App\Common\Match::GetQuestionsByKeyWord(Array, '10', Object(NotORM_Result))
#4 E:\phpstudy\PHPTutorial\WWW\soQ\api\src\app\Api\Question.php(114): App\Domain\Question\Recommend->recommendByQId('1', '0', '10')
#5 [internal function]: App\Api\Question->getRecommendByQId()
#6 E:\phpstudy\PHPTutorial\WWW\soQ\api\vendor\phalapi\kernal\src\PhalApi.php(53): call_user_func(Array)
#7 E:\phpstudy\PHPTutorial\WWW\soQ\api\public\index.php(9): PhalApi\PhalApi->response()
#8 {main}
2019-03-18 20:40:50|ERROR|App.Question.GetRecommendByQId|PDOException: You have an error in your SQL syntax; check the manual that corresponds to your MySQL server version for the right syntax to use near '* FROM question WHERE (CategoryId = '10') AND (Not Id = '1')' at line 1 in E:\phpstudy\PHPTutorial\WWW\soQ\api\vendor\phalapi\notorm\src\NotORM\Result.php:264
Stack trace:
#0 E:\phpstudy\PHPTutorial\WWW\soQ\api\vendor\phalapi\notorm\src\NotORM\Result.php(818): NotORM_Result->query('SELECT *, * FRO...', Array)
#1 E:\phpstudy\PHPTutorial\WWW\soQ\api\vendor\phalapi\notorm\src\NotORM\Result.php(903): NotORM_Result->execute()
#2 E:\phpstudy\PHPTutorial\WWW\soQ\api\src\app\Common\Match.php(135): NotORM_Result->fetchAll()
#3 E:\phpstudy\PHPTutorial\WWW\soQ\api\src\app\Domain\Question\Recommend.php(36): App\Common\Match::GetQuestionsByKeyWord(Array, '3', Object(NotORM_Result))
#4 E:\phpstudy\PHPTutorial\WWW\soQ\api\src\app\Api\Question.php(114): App\Domain\Question\Recommend->recommendByQId('1', '0', '3')
#5 [internal function]: App\Api\Question->getRecommendByQId()
#6 E:\phpstudy\PHPTutorial\WWW\soQ\api\vendor\phalapi\kernal\src\PhalApi.php(53): call_user_func(Array)
#7 E:\phpstudy\PHPTutorial\WWW\soQ\api\public\index.php(9): PhalApi\PhalApi->response()
#8 {main}
2019-03-18 20:42:36|ERROR|App.Question.GetRecommendByQId|PDOException: You have an error in your SQL syntax; check the manual that corresponds to your MySQL server version for the right syntax to use near '* FROM question WHERE (CategoryId = '10') AND (Not Id = '1')' at line 1 in E:\phpstudy\PHPTutorial\WWW\soQ\api\vendor\phalapi\notorm\src\NotORM\Result.php:264
Stack trace:
#0 E:\phpstudy\PHPTutorial\WWW\soQ\api\vendor\phalapi\notorm\src\NotORM\Result.php(818): NotORM_Result->query('SELECT *, * FRO...', Array)
#1 E:\phpstudy\PHPTutorial\WWW\soQ\api\vendor\phalapi\notorm\src\NotORM\Result.php(903): NotORM_Result->execute()
#2 E:\phpstudy\PHPTutorial\WWW\soQ\api\src\app\Common\Match.php(135): NotORM_Result->fetchAll()
#3 E:\phpstudy\PHPTutorial\WWW\soQ\api\src\app\Domain\Question\Recommend.php(37): App\Common\Match::GetQuestionsByKeyWord(Array, '10', Object(NotORM_Result))
#4 E:\phpstudy\PHPTutorial\WWW\soQ\api\src\app\Api\Question.php(114): App\Domain\Question\Recommend->recommendByQId('1', 0, '10')
#5 [internal function]: App\Api\Question->getRecommendByQId()
#6 E:\phpstudy\PHPTutorial\WWW\soQ\api\vendor\phalapi\kernal\src\PhalApi.php(53): call_user_func(Array)
#7 E:\phpstudy\PHPTutorial\WWW\soQ\api\public\index.php(9): PhalApi\PhalApi->response()
#8 {main}
2019-03-18 20:42:51|ERROR|App.Question.GetRecommendByQId|PDOException: You have an error in your SQL syntax; check the manual that corresponds to your MySQL server version for the right syntax to use near '* FROM question WHERE (CategoryId = '10') AND (Not Id = '1')' at line 1 in E:\phpstudy\PHPTutorial\WWW\soQ\api\vendor\phalapi\notorm\src\NotORM\Result.php:264
Stack trace:
#0 E:\phpstudy\PHPTutorial\WWW\soQ\api\vendor\phalapi\notorm\src\NotORM\Result.php(818): NotORM_Result->query('SELECT *, * FRO...', Array)
#1 E:\phpstudy\PHPTutorial\WWW\soQ\api\vendor\phalapi\notorm\src\NotORM\Result.php(903): NotORM_Result->execute()
#2 E:\phpstudy\PHPTutorial\WWW\soQ\api\src\app\Common\Match.php(135): NotORM_Result->fetchAll()
#3 E:\phpstudy\PHPTutorial\WWW\soQ\api\src\app\Domain\Question\Recommend.php(37): App\Common\Match::GetQuestionsByKeyWord(Array, '10', Object(NotORM_Result))
#4 E:\phpstudy\PHPTutorial\WWW\soQ\api\src\app\Api\Question.php(114): App\Domain\Question\Recommend->recommendByQId('1', 0, '10')
#5 [internal function]: App\Api\Question->getRecommendByQId()
#6 E:\phpstudy\PHPTutorial\WWW\soQ\api\vendor\phalapi\kernal\src\PhalApi.php(53): call_user_func(Array)
#7 E:\phpstudy\PHPTutorial\WWW\soQ\api\public\index.php(9): PhalApi\PhalApi->response()
#8 {main}
2019-03-18 20:46:02|ERROR|App.Question.GetRecommendByQId|PDOException: You have an error in your SQL syntax; check the manual that corresponds to your MySQL server version for the right syntax to use near '* FROM question WHERE (CategoryId = '10') AND (Not Id = '1')' at line 1 in E:\phpstudy\PHPTutorial\WWW\soQ\api\vendor\phalapi\notorm\src\NotORM\Result.php:264
Stack trace:
#0 E:\phpstudy\PHPTutorial\WWW\soQ\api\vendor\phalapi\notorm\src\NotORM\Result.php(818): NotORM_Result->query('SELECT *, * FRO...', Array)
#1 E:\phpstudy\PHPTutorial\WWW\soQ\api\vendor\phalapi\notorm\src\NotORM\Result.php(903): NotORM_Result->execute()
#2 E:\phpstudy\PHPTutorial\WWW\soQ\api\src\app\Common\Match.php(135): NotORM_Result->fetchAll()
#3 E:\phpstudy\PHPTutorial\WWW\soQ\api\src\app\Domain\Question\Recommend.php(37): App\Common\Match::GetQuestionsByKeyWord(Array, '10', Object(NotORM_Result))
#4 E:\phpstudy\PHPTutorial\WWW\soQ\api\src\app\Api\Question.php(114): App\Domain\Question\Recommend->recommendByQId('1', '0', '10')
#5 [internal function]: App\Api\Question->getRecommendByQId()
#6 E:\phpstudy\PHPTutorial\WWW\soQ\api\vendor\phalapi\kernal\src\PhalApi.php(53): call_user_func(Array)
#7 E:\phpstudy\PHPTutorial\WWW\soQ\api\public\index.php(9): PhalApi\PhalApi->response()
#8 {main}
2019-03-18 20:47:09|ERROR|App.Question.GetRecommendByQId|PDOException: You have an error in your SQL syntax; check the manual that corresponds to your MySQL server version for the right syntax to use near '* FROM question WHERE (CategoryId = '10') AND (Not Id = '1')' at line 1 in E:\phpstudy\PHPTutorial\WWW\soQ\api\vendor\phalapi\notorm\src\NotORM\Result.php:264
Stack trace:
#0 E:\phpstudy\PHPTutorial\WWW\soQ\api\vendor\phalapi\notorm\src\NotORM\Result.php(818): NotORM_Result->query('SELECT *, * FRO...', Array)
#1 E:\phpstudy\PHPTutorial\WWW\soQ\api\vendor\phalapi\notorm\src\NotORM\Result.php(903): NotORM_Result->execute()
#2 E:\phpstudy\PHPTutorial\WWW\soQ\api\src\app\Common\Match.php(135): NotORM_Result->fetchAll()
#3 E:\phpstudy\PHPTutorial\WWW\soQ\api\src\app\Domain\Question\Recommend.php(37): App\Common\Match::GetQuestionsByKeyWord(Array, '10', Object(NotORM_Result))
#4 E:\phpstudy\PHPTutorial\WWW\soQ\api\src\app\Api\Question.php(114): App\Domain\Question\Recommend->recommendByQId('1', '0', '10')
#5 [internal function]: App\Api\Question->getRecommendByQId()
#6 E:\phpstudy\PHPTutorial\WWW\soQ\api\vendor\phalapi\kernal\src\PhalApi.php(53): call_user_func(Array)
#7 E:\phpstudy\PHPTutorial\WWW\soQ\api\public\index.php(9): PhalApi\PhalApi->response()
#8 {main}
2019-03-18 20:50:34|ERROR|App.Question.GetRecommendByQId|PDOException: You have an error in your SQL syntax; check the manual that corresponds to your MySQL server version for the right syntax to use near '* FROM question WHERE (CategoryId = '10') AND (Not Id = '1')' at line 1 in E:\phpstudy\PHPTutorial\WWW\soQ\api\vendor\phalapi\notorm\src\NotORM\Result.php:264
Stack trace:
#0 E:\phpstudy\PHPTutorial\WWW\soQ\api\vendor\phalapi\notorm\src\NotORM\Result.php(818): NotORM_Result->query('SELECT *, * FRO...', Array)
#1 E:\phpstudy\PHPTutorial\WWW\soQ\api\vendor\phalapi\notorm\src\NotORM\Result.php(903): NotORM_Result->execute()
#2 E:\phpstudy\PHPTutorial\WWW\soQ\api\src\app\Common\Match.php(135): NotORM_Result->fetchAll()
#3 E:\phpstudy\PHPTutorial\WWW\soQ\api\src\app\Domain\Question\Recommend.php(37): App\Common\Match::GetQuestionsByKeyWord(Array, '10', Object(NotORM_Result))
#4 E:\phpstudy\PHPTutorial\WWW\soQ\api\src\app\Api\Question.php(114): App\Domain\Question\Recommend->recommendByQId('1', '0', '10')
#5 [internal function]: App\Api\Question->getRecommendByQId()
#6 E:\phpstudy\PHPTutorial\WWW\soQ\api\vendor\phalapi\kernal\src\PhalApi.php(53): call_user_func(Array)
#7 E:\phpstudy\PHPTutorial\WWW\soQ\api\public\index.php(9): PhalApi\PhalApi->response()
#8 {main}
2019-03-18 20:52:09|ERROR|App.Question.GetRecommendByQId|PDOException: You have an error in your SQL syntax; check the manual that corresponds to your MySQL server version for the right syntax to use near '* FROM question WHERE (CategoryId = '10') AND (Not Id = '1')' at line 1 in E:\phpstudy\PHPTutorial\WWW\soQ\api\vendor\phalapi\notorm\src\NotORM\Result.php:264
Stack trace:
#0 E:\phpstudy\PHPTutorial\WWW\soQ\api\vendor\phalapi\notorm\src\NotORM\Result.php(818): NotORM_Result->query('SELECT *, * FRO...', Array)
#1 E:\phpstudy\PHPTutorial\WWW\soQ\api\vendor\phalapi\notorm\src\NotORM\Result.php(903): NotORM_Result->execute()
#2 E:\phpstudy\PHPTutorial\WWW\soQ\api\src\app\Common\Match.php(135): NotORM_Result->fetchAll()
#3 E:\phpstudy\PHPTutorial\WWW\soQ\api\src\app\Domain\Question\Recommend.php(37): App\Common\Match::GetQuestionsByKeyWord(Array, '10', Object(NotORM_Result))
#4 E:\phpstudy\PHPTutorial\WWW\soQ\api\src\app\Api\Question.php(114): App\Domain\Question\Recommend->recommendByQId('1', '0', '10')
#5 [internal function]: App\Api\Question->getRecommendByQId()
#6 E:\phpstudy\PHPTutorial\WWW\soQ\api\vendor\phalapi\kernal\src\PhalApi.php(53): call_user_func(Array)
#7 E:\phpstudy\PHPTutorial\WWW\soQ\api\public\index.php(9): PhalApi\PhalApi->response()
#8 {main}
2019-03-18 20:54:26|ERROR|App.Question.GetRecommendByQId|PDOException: You have an error in your SQL syntax; check the manual that corresponds to your MySQL server version for the right syntax to use near '* FROM question WHERE (CategoryId = '10') AND (Id Not = '1')' at line 1 in E:\phpstudy\PHPTutorial\WWW\soQ\api\vendor\phalapi\notorm\src\NotORM\Result.php:264
Stack trace:
#0 E:\phpstudy\PHPTutorial\WWW\soQ\api\vendor\phalapi\notorm\src\NotORM\Result.php(818): NotORM_Result->query('SELECT *, * FRO...', Array)
#1 E:\phpstudy\PHPTutorial\WWW\soQ\api\vendor\phalapi\notorm\src\NotORM\Result.php(903): NotORM_Result->execute()
#2 E:\phpstudy\PHPTutorial\WWW\soQ\api\src\app\Common\Match.php(135): NotORM_Result->fetchAll()
#3 E:\phpstudy\PHPTutorial\WWW\soQ\api\src\app\Domain\Question\Recommend.php(37): App\Common\Match::GetQuestionsByKeyWord(Array, '10', Object(NotORM_Result))
#4 E:\phpstudy\PHPTutorial\WWW\soQ\api\src\app\Api\Question.php(114): App\Domain\Question\Recommend->recommendByQId('1', '0', '10')
#5 [internal function]: App\Api\Question->getRecommendByQId()
#6 E:\phpstudy\PHPTutorial\WWW\soQ\api\vendor\phalapi\kernal\src\PhalApi.php(53): call_user_func(Array)
#7 E:\phpstudy\PHPTutorial\WWW\soQ\api\public\index.php(9): PhalApi\PhalApi->response()
#8 {main}
2019-03-18 20:54:39|ERROR|App.Question.GetRecommendByQId|PDOException: You have an error in your SQL syntax; check the manual that corresponds to your MySQL server version for the right syntax to use near '* FROM question WHERE (CategoryId = '10') AND (Not Id IN ('1'))' at line 1 in E:\phpstudy\PHPTutorial\WWW\soQ\api\vendor\phalapi\notorm\src\NotORM\Result.php:264
Stack trace:
#0 E:\phpstudy\PHPTutorial\WWW\soQ\api\vendor\phalapi\notorm\src\NotORM\Result.php(818): NotORM_Result->query('SELECT *, * FRO...', Array)
#1 E:\phpstudy\PHPTutorial\WWW\soQ\api\vendor\phalapi\notorm\src\NotORM\Result.php(903): NotORM_Result->execute()
#2 E:\phpstudy\PHPTutorial\WWW\soQ\api\src\app\Common\Match.php(135): NotORM_Result->fetchAll()
#3 E:\phpstudy\PHPTutorial\WWW\soQ\api\src\app\Domain\Question\Recommend.php(37): App\Common\Match::GetQuestionsByKeyWord(Array, '10', Object(NotORM_Result))
#4 E:\phpstudy\PHPTutorial\WWW\soQ\api\src\app\Api\Question.php(114): App\Domain\Question\Recommend->recommendByQId('1', '0', '10')
#5 [internal function]: App\Api\Question->getRecommendByQId()
#6 E:\phpstudy\PHPTutorial\WWW\soQ\api\vendor\phalapi\kernal\src\PhalApi.php(53): call_user_func(Array)
#7 E:\phpstudy\PHPTutorial\WWW\soQ\api\public\index.php(9): PhalApi\PhalApi->response()
#8 {main}
2019-03-18 20:55:00|ERROR|App.Question.GetRecommendByQId|PDOException: You have an error in your SQL syntax; check the manual that corresponds to your MySQL server version for the right syntax to use near '* FROM question WHERE (CategoryId = '10') AND (Id != = '1')' at line 1 in E:\phpstudy\PHPTutorial\WWW\soQ\api\vendor\phalapi\notorm\src\NotORM\Result.php:264
Stack trace:
#0 E:\phpstudy\PHPTutorial\WWW\soQ\api\vendor\phalapi\notorm\src\NotORM\Result.php(818): NotORM_Result->query('SELECT *, * FRO...', Array)
#1 E:\phpstudy\PHPTutorial\WWW\soQ\api\vendor\phalapi\notorm\src\NotORM\Result.php(903): NotORM_Result->execute()
#2 E:\phpstudy\PHPTutorial\WWW\soQ\api\src\app\Common\Match.php(135): NotORM_Result->fetchAll()
#3 E:\phpstudy\PHPTutorial\WWW\soQ\api\src\app\Domain\Question\Recommend.php(37): App\Common\Match::GetQuestionsByKeyWord(Array, '10', Object(NotORM_Result))
#4 E:\phpstudy\PHPTutorial\WWW\soQ\api\src\app\Api\Question.php(114): App\Domain\Question\Recommend->recommendByQId('1', '0', '10')
#5 [internal function]: App\Api\Question->getRecommendByQId()
#6 E:\phpstudy\PHPTutorial\WWW\soQ\api\vendor\phalapi\kernal\src\PhalApi.php(53): call_user_func(Array)
#7 E:\phpstudy\PHPTutorial\WWW\soQ\api\public\index.php(9): PhalApi\PhalApi->response()
#8 {main}
2019-03-18 20:55:07|ERROR|App.Question.GetRecommendByQId|PDOException: You have an error in your SQL syntax; check the manual that corresponds to your MySQL server version for the right syntax to use near '* FROM question WHERE (CategoryId = '10') AND (Id <> = '1')' at line 1 in E:\phpstudy\PHPTutorial\WWW\soQ\api\vendor\phalapi\notorm\src\NotORM\Result.php:264
Stack trace:
#0 E:\phpstudy\PHPTutorial\WWW\soQ\api\vendor\phalapi\notorm\src\NotORM\Result.php(818): NotORM_Result->query('SELECT *, * FRO...', Array)
#1 E:\phpstudy\PHPTutorial\WWW\soQ\api\vendor\phalapi\notorm\src\NotORM\Result.php(903): NotORM_Result->execute()
#2 E:\phpstudy\PHPTutorial\WWW\soQ\api\src\app\Common\Match.php(135): NotORM_Result->fetchAll()
#3 E:\phpstudy\PHPTutorial\WWW\soQ\api\src\app\Domain\Question\Recommend.php(37): App\Common\Match::GetQuestionsByKeyWord(Array, '10', Object(NotORM_Result))
#4 E:\phpstudy\PHPTutorial\WWW\soQ\api\src\app\Api\Question.php(114): App\Domain\Question\Recommend->recommendByQId('1', '0', '10')
#5 [internal function]: App\Api\Question->getRecommendByQId()
#6 E:\phpstudy\PHPTutorial\WWW\soQ\api\vendor\phalapi\kernal\src\PhalApi.php(53): call_user_func(Array)
#7 E:\phpstudy\PHPTutorial\WWW\soQ\api\public\index.php(9): PhalApi\PhalApi->response()
#8 {main}
2019-03-18 20:55:14|ERROR|App.Question.GetRecommendByQId|PDOException: You have an error in your SQL syntax; check the manual that corresponds to your MySQL server version for the right syntax to use near '* FROM question WHERE (CategoryId = '10')' at line 1 in E:\phpstudy\PHPTutorial\WWW\soQ\api\vendor\phalapi\notorm\src\NotORM\Result.php:264
Stack trace:
#0 E:\phpstudy\PHPTutorial\WWW\soQ\api\vendor\phalapi\notorm\src\NotORM\Result.php(818): NotORM_Result->query('SELECT *, * FRO...', Array)
#1 E:\phpstudy\PHPTutorial\WWW\soQ\api\vendor\phalapi\notorm\src\NotORM\Result.php(903): NotORM_Result->execute()
#2 E:\phpstudy\PHPTutorial\WWW\soQ\api\src\app\Common\Match.php(135): NotORM_Result->fetchAll()
#3 E:\phpstudy\PHPTutorial\WWW\soQ\api\src\app\Domain\Question\Recommend.php(37): App\Common\Match::GetQuestionsByKeyWord(Array, '10', Object(NotORM_Result))
#4 E:\phpstudy\PHPTutorial\WWW\soQ\api\src\app\Api\Question.php(114): App\Domain\Question\Recommend->recommendByQId('1', '0', '10')
#5 [internal function]: App\Api\Question->getRecommendByQId()
#6 E:\phpstudy\PHPTutorial\WWW\soQ\api\vendor\phalapi\kernal\src\PhalApi.php(53): call_user_func(Array)
#7 E:\phpstudy\PHPTutorial\WWW\soQ\api\public\index.php(9): PhalApi\PhalApi->response()
#8 {main}
2019-03-18 20:55:45|ERROR|App.Question.GetRecommendByQId|PDOException: You have an error in your SQL syntax; check the manual that corresponds to your MySQL server version for the right syntax to use near '* FROM question WHERE (CategoryId = '10') AND (Not Id = '1')' at line 1 in E:\phpstudy\PHPTutorial\WWW\soQ\api\vendor\phalapi\notorm\src\NotORM\Result.php:264
Stack trace:
#0 E:\phpstudy\PHPTutorial\WWW\soQ\api\vendor\phalapi\notorm\src\NotORM\Result.php(818): NotORM_Result->query('SELECT *, * FRO...', Array)
#1 E:\phpstudy\PHPTutorial\WWW\soQ\api\vendor\phalapi\notorm\src\NotORM\Result.php(903): NotORM_Result->execute()
#2 E:\phpstudy\PHPTutorial\WWW\soQ\api\src\app\Common\Match.php(135): NotORM_Result->fetchAll()
#3 E:\phpstudy\PHPTutorial\WWW\soQ\api\src\app\Domain\Question\Recommend.php(37): App\Common\Match::GetQuestionsByKeyWord(Array, '10', Object(NotORM_Result))
#4 E:\phpstudy\PHPTutorial\WWW\soQ\api\src\app\Api\Question.php(114): App\Domain\Question\Recommend->recommendByQId('1', '0', '10')
#5 [internal function]: App\Api\Question->getRecommendByQId()
#6 E:\phpstudy\PHPTutorial\WWW\soQ\api\vendor\phalapi\kernal\src\PhalApi.php(53): call_user_func(Array)
#7 E:\phpstudy\PHPTutorial\WWW\soQ\api\public\index.php(9): PhalApi\PhalApi->response()
#8 {main}
2019-03-18 20:57:18|ERROR|App.Question.GetRecommendByQId|PDOException: You have an error in your SQL syntax; check the manual that corresponds to your MySQL server version for the right syntax to use near '* FROM question WHERE (CategoryId = '10') AND (Not Id = '1')' at line 1 in E:\phpstudy\PHPTutorial\WWW\soQ\api\vendor\phalapi\notorm\src\NotORM\Result.php:264
Stack trace:
#0 E:\phpstudy\PHPTutorial\WWW\soQ\api\vendor\phalapi\notorm\src\NotORM\Result.php(818): NotORM_Result->query('SELECT *, * FRO...', Array)
#1 E:\phpstudy\PHPTutorial\WWW\soQ\api\vendor\phalapi\notorm\src\NotORM\Result.php(903): NotORM_Result->execute()
#2 E:\phpstudy\PHPTutorial\WWW\soQ\api\src\app\Common\Match.php(135): NotORM_Result->fetchAll()
#3 E:\phpstudy\PHPTutorial\WWW\soQ\api\src\app\Domain\Question\Recommend.php(38): App\Common\Match::GetQuestionsByKeyWord(Array, '10', Object(NotORM_Result))
#4 E:\phpstudy\PHPTutorial\WWW\soQ\api\src\app\Api\Question.php(114): App\Domain\Question\Recommend->recommendByQId('1', '1', '10')
#5 [internal function]: App\Api\Question->getRecommendByQId()
#6 E:\phpstudy\PHPTutorial\WWW\soQ\api\vendor\phalapi\kernal\src\PhalApi.php(53): call_user_func(Array)
#7 E:\phpstudy\PHPTutorial\WWW\soQ\api\public\index.php(9): PhalApi\PhalApi->response()
#8 {main}
2019-03-18 20:58:11|ERROR|App.Question.GetRecommendByQId|PDOException: You have an error in your SQL syntax; check the manual that corresponds to your MySQL server version for the right syntax to use near '* FROM question WHERE (CategoryId = '10') AND (Not Id IN ('1'))' at line 1 in E:\phpstudy\PHPTutorial\WWW\soQ\api\vendor\phalapi\notorm\src\NotORM\Result.php:264
Stack trace:
#0 E:\phpstudy\PHPTutorial\WWW\soQ\api\vendor\phalapi\notorm\src\NotORM\Result.php(818): NotORM_Result->query('SELECT *, * FRO...', Array)
#1 E:\phpstudy\PHPTutorial\WWW\soQ\api\vendor\phalapi\notorm\src\NotORM\Result.php(903): NotORM_Result->execute()
#2 E:\phpstudy\PHPTutorial\WWW\soQ\api\src\app\Common\Match.php(135): NotORM_Result->fetchAll()
#3 E:\phpstudy\PHPTutorial\WWW\soQ\api\src\app\Domain\Question\Recommend.php(38): App\Common\Match::GetQuestionsByKeyWord(Array, '10', Object(NotORM_Result))
#4 E:\phpstudy\PHPTutorial\WWW\soQ\api\src\app\Api\Question.php(114): App\Domain\Question\Recommend->recommendByQId('1', '0', '10')
#5 [internal function]: App\Api\Question->getRecommendByQId()
#6 E:\phpstudy\PHPTutorial\WWW\soQ\api\vendor\phalapi\kernal\src\PhalApi.php(53): call_user_func(Array)
#7 E:\phpstudy\PHPTutorial\WWW\soQ\api\public\index.php(9): PhalApi\PhalApi->response()
#8 {main}
