2019-03-03 18:46:27|ERROR|App.Site.Index|PDOException: Unknown column '全等' in 'where clause' in E:\phpstudy\PHPTutorial\WWW\soQ\api\vendor\phalapi\notorm\src\NotORM\Result.php:264
Stack trace:
#0 E:\phpstudy\PHPTutorial\WWW\soQ\api\vendor\phalapi\notorm\src\NotORM\Result.php(938): NotORM_Result->query('SELECT * FROM k...', Array)
#1 E:\phpstudy\PHPTutorial\WWW\soQ\api\vendor\phalapi\notorm\src\NotORM\Result.php(925): NotORM_Result->queryRows('SELECT * FROM k...', Array)
#2 E:\phpstudy\PHPTutorial\WWW\soQ\api\src\app\Model\KeyWord.php(44): NotORM_Result->queryAll('SELECT * FROM k...')
#3 E:\phpstudy\PHPTutorial\WWW\soQ\api\src\app\Domain\Question\Upload.php(29): App\Model\KeyWord->gesKeyWordsByWords('\xE5\x85\xA8\xE7\xAD\x89,\xE4\xB8\x89\xE8\xA7\x92\xE5\x87...')
#4 E:\phpstudy\PHPTutorial\WWW\soQ\api\src\app\Api\Site.php(41): App\Domain\Question\Upload->upQuestion(Array)
#5 [internal function]: App\Api\Site->index()
#6 E:\phpstudy\PHPTutorial\WWW\soQ\api\vendor\phalapi\kernal\src\PhalApi.php(53): call_user_func(Array)
#7 E:\phpstudy\PHPTutorial\WWW\soQ\api\public\index.php(9): PhalApi\PhalApi->response()
#8 {main}
2019-03-03 18:47:49|ERROR|App.Site.Index|PDOException: Unknown column '全等' in 'where clause' in E:\phpstudy\PHPTutorial\WWW\soQ\api\vendor\phalapi\notorm\src\NotORM\Result.php:264
Stack trace:
#0 E:\phpstudy\PHPTutorial\WWW\soQ\api\vendor\phalapi\notorm\src\NotORM\Result.php(938): NotORM_Result->query('SELECT * FROM k...', Array)
#1 E:\phpstudy\PHPTutorial\WWW\soQ\api\vendor\phalapi\notorm\src\NotORM\Result.php(925): NotORM_Result->queryRows('SELECT * FROM k...', Array)
#2 E:\phpstudy\PHPTutorial\WWW\soQ\api\src\app\Model\KeyWord.php(44): NotORM_Result->queryAll('SELECT * FROM k...')
#3 E:\phpstudy\PHPTutorial\WWW\soQ\api\src\app\Domain\Question\Upload.php(30): App\Model\KeyWord->gesKeyWordsByWords('\xE5\x85\xA8\xE7\xAD\x89,\xE4\xB8\x89\xE8\xA7\x92\xE5\x87...')
#4 E:\phpstudy\PHPTutorial\WWW\soQ\api\src\app\Api\Site.php(41): App\Domain\Question\Upload->upQuestion(Array)
#5 [internal function]: App\Api\Site->index()
#6 E:\phpstudy\PHPTutorial\WWW\soQ\api\vendor\phalapi\kernal\src\PhalApi.php(53): call_user_func(Array)
#7 E:\phpstudy\PHPTutorial\WWW\soQ\api\public\index.php(9): PhalApi\PhalApi->response()
#8 {main}
2019-03-03 18:58:59|ERROR|App.Site.Index|PDOException: Unknown column '全等' in 'where clause' in E:\phpstudy\PHPTutorial\WWW\soQ\api\vendor\phalapi\notorm\src\NotORM\Result.php:264
Stack trace:
#0 E:\phpstudy\PHPTutorial\WWW\soQ\api\vendor\phalapi\notorm\src\NotORM\Result.php(938): NotORM_Result->query('SELECT * FROM k...', Array)
#1 E:\phpstudy\PHPTutorial\WWW\soQ\api\vendor\phalapi\notorm\src\NotORM\Result.php(925): NotORM_Result->queryRows('SELECT * FROM k...', Array)
#2 E:\phpstudy\PHPTutorial\WWW\soQ\api\src\app\Model\KeyWord.php(44): NotORM_Result->queryAll('SELECT * FROM k...')
#3 E:\phpstudy\PHPTutorial\WWW\soQ\api\src\app\Domain\Question\Upload.php(33): App\Model\KeyWord->gesKeyWordsByWords('\xE5\x85\xA8\xE7\xAD\x89,\xE4\xB8\x89\xE8\xA7\x92\xE5\x87...')
#4 E:\phpstudy\PHPTutorial\WWW\soQ\api\src\app\Api\Site.php(41): App\Domain\Question\Upload->upQuestion(Array)
#5 [internal function]: App\Api\Site->index()
#6 E:\phpstudy\PHPTutorial\WWW\soQ\api\vendor\phalapi\kernal\src\PhalApi.php(53): call_user_func(Array)
#7 E:\phpstudy\PHPTutorial\WWW\soQ\api\public\index.php(9): PhalApi\PhalApi->response()
#8 {main}
2019-03-03 19:02:09|ERROR|App.Site.Index|PDOException: Unknown column '全等' in 'where clause' in E:\phpstudy\PHPTutorial\WWW\soQ\api\vendor\phalapi\notorm\src\NotORM\Result.php:264
Stack trace:
#0 E:\phpstudy\PHPTutorial\WWW\soQ\api\vendor\phalapi\notorm\src\NotORM\Result.php(938): NotORM_Result->query('SELECT * FROM k...', Array)
#1 E:\phpstudy\PHPTutorial\WWW\soQ\api\vendor\phalapi\notorm\src\NotORM\Result.php(925): NotORM_Result->queryRows('SELECT * FROM k...', Array)
#2 E:\phpstudy\PHPTutorial\WWW\soQ\api\src\app\Model\KeyWord.php(44): NotORM_Result->queryAll('SELECT * FROM k...')
#3 E:\phpstudy\PHPTutorial\WWW\soQ\api\src\app\Domain\Question\Upload.php(33): App\Model\KeyWord->gesKeyWordsByWords('\xE5\x85\xA8\xE7\xAD\x89,\xE4\xB8\x89\xE8\xA7\x92\xE5\x87...')
#4 E:\phpstudy\PHPTutorial\WWW\soQ\api\src\app\Api\Site.php(41): App\Domain\Question\Upload->upQuestion(Array)
#5 [internal function]: App\Api\Site->index()
#6 E:\phpstudy\PHPTutorial\WWW\soQ\api\vendor\phalapi\kernal\src\PhalApi.php(53): call_user_func(Array)
#7 E:\phpstudy\PHPTutorial\WWW\soQ\api\public\index.php(9): PhalApi\PhalApi->response()
#8 {main}
2019-03-03 19:03:27|ERROR|App.Site.Index|PDOException: You have an error in your SQL syntax; check the manual that corresponds to your MySQL server version for the right syntax to use near ')' at line 1 in E:\phpstudy\PHPTutorial\WWW\soQ\api\vendor\phalapi\notorm\src\NotORM\Result.php:264
Stack trace:
#0 E:\phpstudy\PHPTutorial\WWW\soQ\api\vendor\phalapi\notorm\src\NotORM\Result.php(938): NotORM_Result->query('SELECT * FROM k...', Array)
#1 E:\phpstudy\PHPTutorial\WWW\soQ\api\vendor\phalapi\notorm\src\NotORM\Result.php(925): NotORM_Result->queryRows('SELECT * FROM k...', Array)
#2 E:\phpstudy\PHPTutorial\WWW\soQ\api\src\app\Model\KeyWord.php(35): NotORM_Result->queryAll('SELECT * FROM k...')
#3 E:\phpstudy\PHPTutorial\WWW\soQ\api\src\app\Domain\Question\Upload.php(35): App\Model\KeyWord->gesKeyWordsByIds('1,2,')
#4 E:\phpstudy\PHPTutorial\WWW\soQ\api\src\app\Api\Site.php(41): App\Domain\Question\Upload->upQuestion(Array)
#5 [internal function]: App\Api\Site->index()
#6 E:\phpstudy\PHPTutorial\WWW\soQ\api\vendor\phalapi\kernal\src\PhalApi.php(53): call_user_func(Array)
#7 E:\phpstudy\PHPTutorial\WWW\soQ\api\public\index.php(9): PhalApi\PhalApi->response()
#8 {main}
