2019-04-02 14:30:10|DEBUG|succeed to upload file to PhalApi\UCloud\Engine\Local|http://localhost/phalapi/public/upload/demo/2019/04/02/5853991554186610.jpg
2019-04-02 14:30:19|DEBUG|succeed to upload file to PhalApi\UCloud\Engine\Local|http://localhost/phalapi/public/upload/demo/2019/04/02/5854421554186619.jpg
2019-04-02 14:32:24|DEBUG|succeed to upload file to PhalApi\UCloud\Engine\Local|http://localhost/phalapi/public/upload/demo/5985181554186744.jpg
2019-04-02 14:32:59|DEBUG|succeed to upload file to PhalApi\UCloud\Engine\Local|http://localhost/phalapi/public/upload/demo/6411491554186779.jpg
2019-04-02 14:33:43|DEBUG|succeed to upload file to PhalApi\UCloud\Engine\Local|http://localhost/phalapi/public/upload/demo/2940251554186823.jpg
2019-04-02 14:33:45|DEBUG|succeed to upload file to PhalApi\UCloud\Engine\Local|http://localhost/phalapi/public/upload/demo/4133141554186825.jpg
2019-04-02 14:33:46|DEBUG|succeed to upload file to PhalApi\UCloud\Engine\Local|http://localhost/phalapi/public/upload/demo/5326321554186826.jpg
2019-04-02 14:35:16|DEBUG|succeed to upload file to PhalApi\UCloud\Engine\Local|http://localhost/phalapi/public/upload/demo/10240901554186916.jpg
2019-04-02 14:39:01|DEBUG|succeed to upload file to PhalApi\UCloud\Engine\Local|http://localhost/phalapi/public/upload/demo/2019/04/02/6301431554187141.jpg
2019-04-02 14:41:15|DEBUG|succeed to upload file to PhalApi\UCloud\Engine\Local|http://localhost/phalapi/public/upload/demo//cut/2019/04/02/9018221554187275.jpg
2019-04-02 14:41:52|DEBUG|succeed to upload file to PhalApi\UCloud\Engine\Local|http://localhost/phalapi/public/upload//cut/2019/04/02/9837981554187312.jpg
2019-04-02 14:49:57|DEBUG|succeed to upload file to PhalApi\UCloud\Engine\Local|http://localhost/phalapi/public/upload//cut/2019/04/02/10056941554187797.jpg
2019-04-02 14:51:08|DEBUG|succeed to upload file to PhalApi\UCloud\Engine\Local|http://localhost/phalapi/public/upload//cut/2019/04/02/11536611554187868.jpg
2019-04-02 14:51:14|DEBUG|succeed to upload file to PhalApi\UCloud\Engine\Local|http://localhost/phalapi/public/upload//cut/2019/04/02/4382511554187874.jpg
2019-04-02 14:51:32|DEBUG|succeed to upload file to PhalApi\UCloud\Engine\Local|http://localhost/phalapi/public/upload//cut/2019/04/02/9815151554187891.jpg
2019-04-02 14:51:53|DEBUG|succeed to upload file to PhalApi\UCloud\Engine\Local|http://localhost/phalapi/public/upload//cut/2019/04/02/6771961554187913.jpg
2019-04-02 14:52:11|DEBUG|succeed to upload file to PhalApi\UCloud\Engine\Local|http://localhost/phalapi/public/upload//cut/2019/04/02/7194141554187931.jpg
2019-04-02 14:52:33|DEBUG|succeed to upload file to PhalApi\UCloud\Engine\Local|http://localhost/phalapi/public/upload//cut/2019/04/02/3570361554187953.jpg
2019-04-02 14:52:36|DEBUG|succeed to upload file to PhalApi\UCloud\Engine\Local|http://localhost/phalapi/public/upload//cut/2019/04/02/12024691554187956.jpg
2019-04-02 15:00:31|DEBUG|succeed to upload file to PhalApi\UCloud\Engine\Local|http://localhost/phalapi/public/upload//cut/2019/04/02/6385561554188431.jpg
2019-04-02 15:01:35|DEBUG|succeed to upload file to PhalApi\UCloud\Engine\Local|http://localhost/phalapi/public/upload//cut/2019/04/02/12601921554188495.jpg
2019-04-02 15:03:59|DEBUG|succeed to upload file to PhalApi\UCloud\Engine\Local|http://localhost/phalapi/public/upload//cut/2019/04/02/11799701554188638.jpg
2019-04-02 15:05:59|DEBUG|succeed to upload file to PhalApi\UCloud\Engine\Local|http://localhost/phalapi/public/upload//cut/2019/04/02/12505001554188758.jpg
2019-04-02 15:08:59|DEBUG|succeed to upload file to PhalApi\UCloud\Engine\Local|http://localhost/phalapi/public/upload//cut/2019/04/02/3606051554188939.jpg
2019-04-02 15:14:42|DEBUG|succeed to upload file to PhalApi\UCloud\Engine\Local|http://localhost/phalapi/public/upload//cut/2019/04/02/8430351554189282.jpg
2019-04-02 15:16:26|DEBUG|succeed to upload file to PhalApi\UCloud\Engine\Local|http://localhost/phalapi/public/upload//cut/2019/04/02/9199801554189385.jpg
2019-04-02 15:16:41|DEBUG|succeed to upload file to PhalApi\UCloud\Engine\Local|http://localhost/phalapi/public/upload//cut/2019/04/02/10627441554189401.jpg
2019-04-02 15:17:57|DEBUG|succeed to upload file to PhalApi\UCloud\Engine\Local|http://localhost/phalapi/public/upload//cut/2019/04/02/12496941554189477.jpg
2019-04-02 15:19:14|DEBUG|succeed to upload file to PhalApi\UCloud\Engine\Local|http://localhost/phalapi/public/upload//cut/2019/04/02/6762521554189554.jpg
2019-04-02 16:12:17|DEBUG|succeed to upload file to PhalApi\UCloud\Engine\Local|http://localhost/phalapi/public/upload//cut/2019/04/02/12518821554192737.jpg
2019-04-02 16:26:39|DEBUG|succeed to upload file to PhalApi\UCloud\Engine\Local|http://localhost/phalapi/public/upload//cut/2019/04/02/7872841554193599.png
2019-04-02 16:26:56|DEBUG|succeed to upload file to PhalApi\UCloud\Engine\Local|http://localhost/phalapi/public/upload//cut/2019/04/02/5975491554193616.png
2019-04-02 16:27:00|DEBUG|succeed to upload file to PhalApi\UCloud\Engine\Local|http://localhost/phalapi/public/upload//cut/2019/04/02/6407131554193620.png
2019-04-02 16:28:11|DEBUG|succeed to upload file to PhalApi\UCloud\Engine\Local|http://localhost/phalapi/public/upload//cut/2019/04/02/4710481554193691.png
2019-04-02 16:29:17|DEBUG|succeed to upload file to PhalApi\UCloud\Engine\Local|http://localhost/phalapi/public/upload//cut/2019/04/02/9494551554193757.png
2019-04-02 16:29:29|DEBUG|succeed to upload file to PhalApi\UCloud\Engine\Local|http://localhost/phalapi/public/upload//cut/2019/04/02/8935461554193769.png
2019-04-02 16:30:23|DEBUG|succeed to upload file to PhalApi\UCloud\Engine\Local|http://localhost/phalapi/public/upload//cut/2019/04/02/6499851554193823.png
2019-04-02 16:55:10|DEBUG|succeed to upload file to PhalApi\UCloud\Engine\Local|http://localhost/phalapi/public/upload//cut/2019/04/02/7129311554195309.png
2019-04-02 16:56:26|DEBUG|succeed to upload file to PhalApi\UCloud\Engine\Local|http://localhost/phalapi/public/upload//cut/2019/04/02/2207711554195385.png
2019-04-02 16:56:57|DEBUG|succeed to upload file to PhalApi\UCloud\Engine\Local|http://localhost/phalapi/public/upload//cut/2019/04/02/6155681554195415.png
2019-04-02 16:59:34|DEBUG|succeed to upload file to PhalApi\UCloud\Engine\Local|http://localhost/phalapi/public/upload//cut/2019/04/02/6893041554195574.png
2019-04-02 17:04:11|DEBUG|succeed to upload file to PhalApi\UCloud\Engine\Local|http://localhost/phalapi/public/upload//cut/2019/04/02/5506061554195851.png
2019-04-02 17:06:56|DEBUG|succeed to upload file to PhalApi\UCloud\Engine\Local|http://localhost/phalapi/public/upload//cut/2019/04/02/2446631554196016.png
2019-04-02 17:08:06|DEBUG|succeed to upload file to PhalApi\UCloud\Engine\Local|http://localhost/phalapi/public/upload//cut/2019/04/02/2933321554196086.png
2019-04-02 17:08:59|DEBUG|succeed to upload file to PhalApi\UCloud\Engine\Local|http://localhost/phalapi/public/upload//cut/2019/04/02/7973681554196139.png
2019-04-02 17:09:55|DEBUG|succeed to upload file to PhalApi\UCloud\Engine\Local|http://localhost/phalapi/public/upload//cut/2019/04/02/10518391554196195.png
2019-04-02 17:10:36|DEBUG|succeed to upload file to PhalApi\UCloud\Engine\Local|http://localhost/phalapi/public/upload//cut/2019/04/02/12894951554196236.png
2019-04-02 17:17:51|DEBUG|succeed to upload file to PhalApi\UCloud\Engine\Local|http://localhost/phalapi/public/upload//cut/2019/04/02/4669091554196671.png
2019-04-02 17:20:15|DEBUG|succeed to upload file to PhalApi\UCloud\Engine\Local|http://localhost/phalapi/public/upload//cut/2019/04/02/11879801554196815.png
2019-04-02 17:22:29|DEBUG|succeed to upload file to PhalApi\UCloud\Engine\Local|http://localhost/phalapi/public/upload//cut/2019/04/02/12458851554196949.png
2019-04-02 17:32:14|DEBUG|succeed to upload file to PhalApi\UCloud\Engine\Local|http://localhost/phalapi/public/upload//cut/2019/04/02/12140071554197533.png
2019-04-02 17:33:57|DEBUG|succeed to upload file to PhalApi\UCloud\Engine\Local|http://localhost/phalapi/public/upload//cut/2019/04/02/5169341554197637.png
2019-04-02 17:34:53|DEBUG|succeed to upload file to PhalApi\UCloud\Engine\Local|http://localhost/phalapi/public/upload//cut/2019/04/02/4881371554197693.png
2019-04-02 17:35:27|DEBUG|succeed to upload file to PhalApi\UCloud\Engine\Local|http://localhost/phalapi/public/upload//cut/2019/04/02/9241161554197727.png
2019-04-02 17:44:28|DEBUG|succeed to upload file to PhalApi\UCloud\Engine\Local|http://localhost/phalapi/public/upload//cut/2019/04/02/2910921554198268.png
2019-04-02 17:45:16|DEBUG|succeed to upload file to PhalApi\UCloud\Engine\Local|http://localhost/phalapi/public/upload//cut/2019/04/02/5712411554198316.png
2019-04-02 17:46:10|DEBUG|succeed to upload file to PhalApi\UCloud\Engine\Local|http://localhost/phalapi/public/upload//cut/2019/04/02/10536571554198370.png
2019-04-02 18:13:35|DEBUG|succeed to upload file to PhalApi\UCloud\Engine\Local|http://localhost/phalapi/public/upload//cut/2019/04/02/5489551554200015.png
2019-04-02 18:13:58|DEBUG|succeed to upload file to PhalApi\UCloud\Engine\Local|http://localhost/phalapi/public/upload//cut/2019/04/02/6917411554200038.png
2019-04-02 18:14:37|DEBUG|succeed to upload file to PhalApi\UCloud\Engine\Local|http://localhost/phalapi/public/upload//cut/2019/04/02/5270111554200077.png
2019-04-02 18:15:50|DEBUG|succeed to upload file to PhalApi\UCloud\Engine\Local|http://localhost/phalapi/public/upload//cut/2019/04/02/8222881554200150.png
2019-04-02 18:16:00|DEBUG|succeed to upload file to PhalApi\UCloud\Engine\Local|http://localhost/phalapi/public/upload//cut/2019/04/02/8832821554200159.png
2019-04-02 18:17:07|DEBUG|succeed to upload file to PhalApi\UCloud\Engine\Local|http://localhost/phalapi/public/upload//cut/2019/04/02/4910501554200227.png
2019-04-02 18:18:10|DEBUG|succeed to upload file to PhalApi\UCloud\Engine\Local|http://localhost/phalapi/public/upload//cut/2019/04/02/5561951554200290.png
2019-04-02 18:19:00|DEBUG|succeed to upload file to PhalApi\UCloud\Engine\Local|http://localhost/phalapi/public/upload//cut/2019/04/02/7285491554200340.png
2019-04-02 18:20:06|DEBUG|succeed to upload file to PhalApi\UCloud\Engine\Local|http://localhost/phalapi/public/upload//cut/2019/04/02/12127731554200406.png
2019-04-02 18:21:19|DEBUG|succeed to upload file to PhalApi\UCloud\Engine\Local|http://localhost/phalapi/public/upload//cut/2019/04/02/7909581554200479.png
2019-04-02 18:21:34|DEBUG|succeed to upload file to PhalApi\UCloud\Engine\Local|http://localhost/phalapi/public/upload//cut/2019/04/02/8398531554200494.png
2019-04-02 18:23:42|DEBUG|succeed to upload file to PhalApi\UCloud\Engine\Local|http://localhost/phalapi/public/upload//cut/2019/04/02/10257511554200622.png
2019-04-02 18:25:54|DEBUG|succeed to upload file to PhalApi\UCloud\Engine\Local|http://localhost/phalapi/public/upload//cut/2019/04/02/8886331554200754.png
2019-04-02 18:26:51|DEBUG|succeed to upload file to PhalApi\UCloud\Engine\Local|http://localhost/phalapi/public/upload//cut/2019/04/02/3034281554200811.png
2019-04-02 18:27:53|DEBUG|succeed to upload file to PhalApi\UCloud\Engine\Local|http://localhost/phalapi/public/upload//cut/2019/04/02/5552601554200873.png
